app/build/outputs/logs/manifest-merger-debug-report.txt
-- Merging decision tree log ---
manifest
ADDED from src/main/AndroidManifest.xml:2:1-88:12
	package
		ADDED from src/main/AndroidManifest.xml:3:5-45
		INJECTED from src/main/AndroidManifest.xml
		INJECTED from src/main/AndroidManifest.xml
	android:versionName
		ADDED from src/main/AndroidManifest.xml:5:5-30
		INJECTED from src/main/AndroidManifest.xml
		INJECTED from src/main/AndroidManifest.xml
	android:versionCode
		ADDED from src/main/AndroidManifest.xml:4:5-28
		INJECTED from src/main/AndroidManifest.xml
		INJECTED from src/main/AndroidManifest.xml
	xmlns:android
		ADDED from src/main/AndroidManifest.xml:2:11-69
uses-sdk
ADDED from src/main/AndroidManifest.xml:7:5-9:41
MERGED from [com.android.support:appcompat-v7:19.1.0] AndroidManifest.xml:18:5-42
MERGED from [com.android.support:support-v4:22.2.0] AndroidManifest.xml:20:5-43
MERGED from [com.google.android.gms:play-services-appindexing:8.1.0] AndroidManifest.xml:18:5-42
MERGED from [com.google.android.gms:play-services-basement:8.1.0] AndroidManifest.xml:18:5-42
MERGED from [com.android.support:support-v4:22.2.0] AndroidManifest.xml:20:5-43
	android:targetSdkVersion
		ADDED from src/main/AndroidManifest.xml:9:9-38
		INJECTED from src/main/AndroidManifest.xml
		INJECTED from src/main/AndroidManifest.xml
	android:minSdkVersion
		ADDED from src/main/AndroidManifest.xml:8:9-35
		INJECTED from src/main/AndroidManifest.xml
		INJECTED from src/main/AndroidManifest.xml
uses-permission#android.permission.INTERNET
ADDED from src/main/AndroidManifest.xml:11:5-67
	android:name
		ADDED from src/main/AndroidManifest.xml:11:22-64
uses-permission#android.permission.WRITE_EXTERNAL_STORAGE
ADDED from src/main/AndroidManifest.xml:12:5-81
	android:name
		ADDED from src/main/AndroidManifest.xml:12:22-78
uses-permission#android.permission.READ_EXTERNAL_STORAGE
ADDED from src/main/AndroidManifest.xml:13:5-80
	android:name
		ADDED from src/main/AndroidManifest.xml:13:22-77
uses-permission#android.permission.BLUETOOTH
ADDED from src/main/AndroidManifest.xml:14:5-68
	android:name
		ADDED from src/main/AndroidManifest.xml:14:22-65
uses-permission#android.permission.BLUETOOTH_ADMIN
ADDED from src/main/AndroidManifest.xml:15:5-74
	android:name
		ADDED from src/main/AndroidManifest.xml:15:22-71
android:uses-permission#android.permission.READ_PHONE_STATE
ADDED from src/main/AndroidManifest.xml:17:5-83
	android:name
		ADDED from src/main/AndroidManifest.xml:17:30-80
application
ADDED from src/main/AndroidManifest.xml:19:5-86:19
MERGED from [com.android.support:appcompat-v7:19.1.0] AndroidManifest.xml:19:5-20
MERGED from [com.android.support:support-v4:22.2.0] AndroidManifest.xml:22:5-20
MERGED from [com.google.android.gms:play-services-appindexing:8.1.0] AndroidManifest.xml:19:5-20
MERGED from [com.google.android.gms:play-services-basement:8.1.0] AndroidManifest.xml:20:5-24:19
MERGED from [com.android.support:support-v4:22.2.0] AndroidManifest.xml:22:5-20
	android:label
		ADDED from src/main/AndroidManifest.xml:23:9-41
	android:allowBackup
		ADDED from src/main/AndroidManifest.xml:21:9-35
	android:icon
		ADDED from src/main/AndroidManifest.xml:22:9-58
	android:persistent
		ADDED from src/main/AndroidManifest.xml:24:9-35
	android:theme
		ADDED from src/main/AndroidManifest.xml:25:9-47
	android:name
		ADDED from src/main/AndroidManifest.xml:20:9-43
activity#com.example.stormgearsscouting.MainMenu
ADDED from src/main/AndroidManifest.xml:26:9-35:20
	android:label
		ADDED from src/main/AndroidManifest.xml:28:13-45
	android:windowSoftInputMode
		ADDED from src/main/AndroidManifest.xml:29:13-55
	android:name
		ADDED from src/main/AndroidManifest.xml:27:13-37
intent-filter#android.intent.action.MAIN+android.intent.category.LAUNCHER
ADDED from src/main/AndroidManifest.xml:30:13-34:29
action#android.intent.action.MAIN
ADDED from src/main/AndroidManifest.xml:31:17-69
	android:name
		ADDED from src/main/AndroidManifest.xml:31:25-66
category#android.intent.category.LAUNCHER
ADDED from src/main/AndroidManifest.xml:33:17-77
	android:name
		ADDED from src/main/AndroidManifest.xml:33:27-74
activity#com.example.stormgearsscouting.ScoutingForm
ADDED from src/main/AndroidManifest.xml:36:9-44:20
	android:label
		ADDED from src/main/AndroidManifest.xml:38:13-65
	android:parentActivityName
		ADDED from src/main/AndroidManifest.xml:39:13-55
	android:windowSoftInputMode
		ADDED from src/main/AndroidManifest.xml:40:13-55
	android:name
		ADDED from src/main/AndroidManifest.xml:37:13-41
meta-data#android.support.PARENT_ACTIVITY
ADDED from src/main/AndroidManifest.xml:41:13-43:56
	android:value
		ADDED from src/main/AndroidManifest.xml:43:17-53
	android:name
		ADDED from src/main/AndroidManifest.xml:42:17-63
activity#com.example.stormgearsscouting.ScoutingDataViewer
ADDED from src/main/AndroidManifest.xml:45:9-52:20
	android:label
		ADDED from src/main/AndroidManifest.xml:47:13-72
	android:parentActivityName
		ADDED from src/main/AndroidManifest.xml:48:13-51
	android:name
		ADDED from src/main/AndroidManifest.xml:46:13-47
activity#com.example.stormgearsscouting.Settings
ADDED from src/main/AndroidManifest.xml:53:9-61:20
	android:label
		ADDED from src/main/AndroidManifest.xml:55:13-60
	android:parentActivityName
		ADDED from src/main/AndroidManifest.xml:56:13-51
	android:windowSoftInputMode
		ADDED from src/main/AndroidManifest.xml:57:13-55
	android:name
		ADDED from src/main/AndroidManifest.xml:54:13-37
activity#com.example.stormgearsscouting.BluetoothSender
ADDED from src/main/AndroidManifest.xml:62:9-64:71
	android:label
		ADDED from src/main/AndroidManifest.xml:64:13-68
	android:name
		ADDED from src/main/AndroidManifest.xml:63:13-44
activity#com.example.stormgearsscouting.PitScoutingForm
ADDED from src/main/AndroidManifest.xml:65:9-69:58
	android:label
		ADDED from src/main/AndroidManifest.xml:67:13-69
	android:parentActivityName
		ADDED from src/main/AndroidManifest.xml:68:13-51
	android:windowSoftInputMode
		ADDED from src/main/AndroidManifest.xml:69:13-55
	android:name
		ADDED from src/main/AndroidManifest.xml:66:13-44
meta-data#com.google.android.gms.version
ADDED from src/main/AndroidManifest.xml:74:9-76:69
MERGED from [com.google.android.gms:play-services-basement:8.1.0] AndroidManifest.xml:21:9-23:69
	android:value
		ADDED from src/main/AndroidManifest.xml:76:13-66
	android:name
		ADDED from src/main/AndroidManifest.xml:75:13-58
activity#com.example.stormgearsscouting.MatchScoutingHelp
ADDED from src/main/AndroidManifest.xml:78:9-85:20
	android:label
		ADDED from src/main/AndroidManifest.xml:80:13-71
	android:parentActivityName
		ADDED from src/main/AndroidManifest.xml:81:13-55
	android:name
		ADDED from src/main/AndroidManifest.xml:79:13-46